0 info it worked if it ends with ok
1 verbose cli [ 'E:\\node-v7.2.1-win-x64\\node.exe',
1 verbose cli   'E:\\node-v7.2.1-win-x64\\node_modules\\npm\\bin\\npm-cli.js',
1 verbose cli   'start' ]
2 info using npm@3.10.10
3 info using node@v7.2.1
4 verbose run-script [ 'prestart', 'start', 'poststart' ]
5 info lifecycle my-express@0.0.0~prestart: my-express@0.0.0
6 silly lifecycle my-express@0.0.0~prestart: no script for prestart, continuing
7 info lifecycle my-express@0.0.0~start: my-express@0.0.0
8 verbose lifecycle my-express@0.0.0~start: unsafe-perm in lifecycle true
9 verbose lifecycle my-express@0.0.0~start: PATH: E:\node-v7.2.1-win-x64\node_modules\npm\bin\node-gyp-bin;E:\GITDown\my_express_login\node_modules\.bin;E:\Ruby21-x64\bin;E:\Java\jdk1.7.0_67\bin;E:\Java\jdk1.7.0_67\jre\bin;C:\Program Files (x86)\Common Files\NetSarang;E:\Anaconda2;E:\Anaconda2\Scripts;C:\Program Files (x86)\Intel\iCLS Client\;C:\Program Files\Intel\iCLS Client\;C:\Windows\system32;C:\Windows;C:\Windows\System32\Wbem;C:\Windows\System32\WindowsPowerShell\v1.0\;C:\Program Files\Intel\Intel(R) Management Engine Components\DAL;C:\Program Files (x86)\Intel\Intel(R) Management Engine Components\DAL;C:\Program Files\Intel\Intel(R) Management Engine Components\IPT;C:\Program Files (x86)\Intel\Intel(R) Management Engine Components\IPT;C:\Program Files (x86)\NVIDIA Corporation\PhysX\Common;C:\Program Files\Lenovo\Fingerprint Manager Pro\;E:\go\bin;C:\Program Files\TortoiseSVN\bin;E:\Anaconda2;E:\Anaconda2\Scripts;C:\MinGW\bin;E:\scala\bin;E:\sbt\\bin;E:\cygwin64\bin;E:\cygwin64\usr\sbin;C:\Windows\System32\WindowsPowerShell\v1.0\;E:\Anaconda2\Lib\site-packages\django;E:\Anaconda2\Scripts;E:\Ruby21-x64\bin;E:\svn\bin;E:\node-v7.2.1-win-x64;C:\Program Files\Microsoft;C:\Users\30213\.dnx\bin;E:\Tesseract-OCR;C:\Users\30213\appdata\local\scoop\shims;C:\Users\30213\AppData\Local\atom\bin;E:\docker\Docker Toolbox;E:\ActivePython\Tools\scripts;C:\Users\30213\AppData\Roaming\npm\node_modules\scope-chains-closures\node_modules\babel-core\node_modules\regenerator\node_modules\defs\build;C:\Users\30213\AppData\Roaming\npm\node_modules\scope-chains-closures\node_modules\babel-core\node_modules\regenerator\node_modules\defs\build;E:\Ruby21-x64\bin;E:\Tesseract-OCR;E:\visual code\Microsoft VS Code\bin;C:\Users\30213\AppData\Roaming\npm
10 verbose lifecycle my-express@0.0.0~start: CWD: E:\GITDown\my_express_login
11 silly lifecycle my-express@0.0.0~start: Args: [ '/d /s /c', 'node ./bin/www' ]
12 silly lifecycle my-express@0.0.0~start: Returned: code: 1  signal: null
13 info lifecycle my-express@0.0.0~start: Failed to exec start script
14 verbose stack Error: my-express@0.0.0 start: `node ./bin/www`
14 verbose stack Exit status 1
14 verbose stack     at EventEmitter.<anonymous> (E:\node-v7.2.1-win-x64\node_modules\npm\lib\utils\lifecycle.js:255:16)
14 verbose stack     at emitTwo (events.js:106:13)
14 verbose stack     at EventEmitter.emit (events.js:191:7)
14 verbose stack     at ChildProcess.<anonymous> (E:\node-v7.2.1-win-x64\node_modules\npm\lib\utils\spawn.js:40:14)
14 verbose stack     at emitTwo (events.js:106:13)
14 verbose stack     at ChildProcess.emit (events.js:191:7)
14 verbose stack     at maybeClose (internal/child_process.js:885:16)
14 verbose stack     at Process.ChildProcess._handle.onexit (internal/child_process.js:226:5)
15 verbose pkgid my-express@0.0.0
16 verbose cwd E:\GITDown\my_express_login
17 error Windows_NT 6.1.7601
18 error argv "E:\\node-v7.2.1-win-x64\\node.exe" "E:\\node-v7.2.1-win-x64\\node_modules\\npm\\bin\\npm-cli.js" "start"
19 error node v7.2.1
20 error npm  v3.10.10
21 error code ELIFECYCLE
22 error my-express@0.0.0 start: `node ./bin/www`
22 error Exit status 1
23 error Failed at the my-express@0.0.0 start script 'node ./bin/www'.
23 error Make sure you have the latest version of node.js and npm installed.
23 error If you do, this is most likely a problem with the my-express package,
23 error not with npm itself.
23 error Tell the author that this fails on your system:
23 error     node ./bin/www
23 error You can get information on how to open an issue for this project with:
23 error     npm bugs my-express
23 error Or if that isn't available, you can get their info via:
23 error     npm owner ls my-express
23 error There is likely additional logging output above.
24 verbose exit [ 1, true ]
